22:47:00.606 -> #1073:5,1b,0,9e,9,80,0,2
22:47:00.705 -> #1072:bf,1,22,5b,e0,76,73,0
22:47:00.804 -> #1072:bf,1,22,5b,e0,76,73,0
22:47:00.902 -> #1072:bf,1,22,5b,e0,76,73,0
22:47:01.000 -> #1072:bf,1,22,5b,e0,76,73,0
22:47:01.067 ->
22:47:01.067 -> >>>>>> Emitting button state as ON
22:47:01.067 ->
22:47:01.067 -> #1072:bf,1,22,5b,e0,0,73,0
22:47:01.067 -> #1073:5,1b,0,9e,9,80,0,6
22:47:01.134 -> #1072:88,1,22,5b,a0,76,60,0
22:47:01.199 -> #1072:bf,1,22,5b,e0,76,73,0
22:47:01.330 -> #1072:bf,1,22,5b,e0,76,f3,0
22:47:01.431 -> #1072:bf,1,22,5b,e0,76,73,0
22:47:01.496 ->
22:47:01.496 -> >>>>>> Emitting button state as OFF
22:47:01.496 ->
22:47:01.496 -> #1072:bf,1,22,5b,e0,76,73,0
22:47:01.529 -> #1072:bf,1,22,5b,e0,0,73,0
22:47:01.629 -> #1072:88,1,22,5b,a0,76,60,0
22:47:01.629 -> #1073:5,1b,0,9e,9,80,0,2
22:47:01.728 -> #1072:bf,1,22,5b,e0,76,73,0
22:47:01.828 -> #1072:bf,1,22,5b,e0,76,73,0